<?xml version="1.0" encoding="UTF-8"?>
<!-- Generated by org.testng.reporters.JUnitXMLReporter -->
<testsuite hostname="Keshavs-MacBook-Pro.local" ignored="0" name="EmployeesRestAPITest" tests="26" failures="0" timestamp="2021-06-24T09:09:41 IST" time="9.53" errors="0">
  <testcase name="GetAllUsers_validateResponseCode" time="0.009" classname="com.RestAssuredTestNG.StudentAPI.Testcases.TC001_GetAllUsers"/>
  <testcase name="GetAllUsers_validateResponseTime" time="0.0" classname="com.RestAssuredTestNG.StudentAPI.Testcases.TC001_GetAllUsers"/>
  <testcase name="GetAllUsers_validateStatusLine" time="0.002" classname="com.RestAssuredTestNG.StudentAPI.Testcases.TC001_GetAllUsers"/>
  <testcase name="GetAllUsers_validateContentType" time="0.0" classname="com.RestAssuredTestNG.StudentAPI.Testcases.TC001_GetAllUsers"/>
  <testcase name="GetAllUsers_validateContentLength" time="0.0" classname="com.RestAssuredTestNG.StudentAPI.Testcases.TC001_GetAllUsers"/>
  <testcase name="GetSpecificUsers_validateResponseCode" time="0.0" classname="com.RestAssuredTestNG.StudentAPI.Testcases.TC002_GetSpecifcUsers"/>
  <testcase name="GetSpecificUsers_validateResponseTime" time="0.001" classname="com.RestAssuredTestNG.StudentAPI.Testcases.TC002_GetSpecifcUsers"/>
  <testcase name="GetSpecificUsers_validateStatusLine" time="0.001" classname="com.RestAssuredTestNG.StudentAPI.Testcases.TC002_GetSpecifcUsers"/>
  <testcase name="GetSpecificUsers_validateContentType" time="0.001" classname="com.RestAssuredTestNG.StudentAPI.Testcases.TC002_GetSpecifcUsers"/>
  <testcase name="GetSpecificUsers_validateContentLength" time="0.001" classname="com.RestAssuredTestNG.StudentAPI.Testcases.TC002_GetSpecifcUsers"/>
  <testcase name="CreateNewUserRequest" time="2.385" classname="com.RestAssuredTestNG.StudentAPI.Testcases.TC003_CreateUser"/>
  <testcase name="CreateNewUserRequest" time="2.027" classname="com.RestAssuredTestNG.StudentAPI.Testcases.TC003_CreateUser"/>
  <testcase name="CreateUser_validateStatusCode" time="0.003" classname="com.RestAssuredTestNG.StudentAPI.Testcases.TC003_CreateUser"/>
  <testcase name="CreateUser_validateStatusLine" time="0.001" classname="com.RestAssuredTestNG.StudentAPI.Testcases.TC003_CreateUser"/>
  <testcase name="CreateUser_validateContentType" time="0.001" classname="com.RestAssuredTestNG.StudentAPI.Testcases.TC003_CreateUser"/>
  <testcase name="CreateUser_validateContentLength" time="0.0" classname="com.RestAssuredTestNG.StudentAPI.Testcases.TC003_CreateUser"/>
  <testcase name="PutUserDetails" time="3.024" classname="com.RestAssuredTestNG.StudentAPI.Testcases.TC004_PutSpecificUser"/>
  <testcase name="PutUser_validateResponseCode" time="0.001" classname="com.RestAssuredTestNG.StudentAPI.Testcases.TC004_PutSpecificUser"/>
  <testcase name="PutUser_validateResponseTime" time="0.001" classname="com.RestAssuredTestNG.StudentAPI.Testcases.TC004_PutSpecificUser"/>
  <testcase name="PutUser_validateStatusLine" time="0.001" classname="com.RestAssuredTestNG.StudentAPI.Testcases.TC004_PutSpecificUser"/>
  <testcase name="PutUser_validateContentType" time="0.001" classname="com.RestAssuredTestNG.StudentAPI.Testcases.TC004_PutSpecificUser"/>
  <testcase name="PutUser_validateContentLength" time="0.001" classname="com.RestAssuredTestNG.StudentAPI.Testcases.TC004_PutSpecificUser"/>
  <testcase name="DeleteUser_validateResponseCode" time="0.001" classname="com.RestAssuredTestNG.StudentAPI.Testcases.TC005_DeleteUser"/>
  <testcase name="DeleteUser_validateResponseTime" time="0.002" classname="com.RestAssuredTestNG.StudentAPI.Testcases.TC005_DeleteUser"/>
  <testcase name="DeleteUser_validateStatusLine" time="0.0" classname="com.RestAssuredTestNG.StudentAPI.Testcases.TC005_DeleteUser"/>
  <testcase name="DeleteUser_validateContentType" time="0.001" classname="com.RestAssuredTestNG.StudentAPI.Testcases.TC005_DeleteUser"/>
</testsuite> <!-- EmployeesRestAPITest -->
