<?xml version="1.0" encoding="UTF-8"?>
<testng-results skipped="0" failed="0" ignored="0" total="26" passed="26">
  <reporter-output>
  </reporter-output>
  <suite name="EmployeesRestAPISuite" duration-ms="9530" started-at="2021-06-24T09:09:31 IST" finished-at="2021-06-24T09:09:41 IST">
    <groups>
    </groups>
    <test name="EmployeesRestAPITest" duration-ms="9530" started-at="2021-06-24T09:09:31 IST" finished-at="2021-06-24T09:09:41 IST">
      <class name="com.RestAssuredTestNG.StudentAPI.Testcases.TC002_GetSpecifcUsers">
        <test-method status="PASS" signature="setUp()[pri:0, instance:com.RestAssuredTestNG.StudentAPI.Testcases.TC002_GetSpecifcUsers@3b2da18f]" name="setUp" is-config="true" duration-ms="25" started-at="2021-06-24T09:09:33 IST" finished-at="2021-06-24T09:09:33 IST">
          <reporter-output>
          </reporter-output>
        </test-method> <!-- setUp -->
        <test-method status="PASS" signature="GetSpecificUsers_validateResponseCode()[pri:1, instance:com.RestAssuredTestNG.StudentAPI.Testcases.TC002_GetSpecifcUsers@3b2da18f]" name="GetSpecificUsers_validateResponseCode" duration-ms="0" started-at="2021-06-24T09:09:33 IST" finished-at="2021-06-24T09:09:33 IST">
          <reporter-output>
          </reporter-output>
        </test-method> <!-- GetSpecificUsers_validateResponseCode -->
        <test-method status="PASS" signature="GetSpecificUsers_validateResponseTime()[pri:2, instance:com.RestAssuredTestNG.StudentAPI.Testcases.TC002_GetSpecifcUsers@3b2da18f]" name="GetSpecificUsers_validateResponseTime" duration-ms="1" started-at="2021-06-24T09:09:33 IST" finished-at="2021-06-24T09:09:33 IST">
          <reporter-output>
          </reporter-output>
        </test-method> <!-- GetSpecificUsers_validateResponseTime -->
        <test-method status="PASS" signature="GetSpecificUsers_validateStatusLine()[pri:3, instance:com.RestAssuredTestNG.StudentAPI.Testcases.TC002_GetSpecifcUsers@3b2da18f]" name="GetSpecificUsers_validateStatusLine" duration-ms="1" started-at="2021-06-24T09:09:33 IST" finished-at="2021-06-24T09:09:33 IST">
          <reporter-output>
          </reporter-output>
        </test-method> <!-- GetSpecificUsers_validateStatusLine -->
        <test-method status="PASS" signature="GetSpecificUsers_validateContentType()[pri:4, instance:com.RestAssuredTestNG.StudentAPI.Testcases.TC002_GetSpecifcUsers@3b2da18f]" name="GetSpecificUsers_validateContentType" duration-ms="1" started-at="2021-06-24T09:09:33 IST" finished-at="2021-06-24T09:09:33 IST">
          <reporter-output>
          </reporter-output>
        </test-method> <!-- GetSpecificUsers_validateContentType -->
        <test-method status="PASS" signature="GetSpecificUsers_validateContentLength()[pri:5, instance:com.RestAssuredTestNG.StudentAPI.Testcases.TC002_GetSpecifcUsers@3b2da18f]" name="GetSpecificUsers_validateContentLength" duration-ms="1" started-at="2021-06-24T09:09:33 IST" finished-at="2021-06-24T09:09:33 IST">
          <reporter-output>
          </reporter-output>
        </test-method> <!-- GetSpecificUsers_validateContentLength -->
        <test-method status="PASS" signature="tearDown()[pri:0, instance:com.RestAssuredTestNG.StudentAPI.Testcases.TC002_GetSpecifcUsers@3b2da18f]" name="tearDown" is-config="true" duration-ms="0" started-at="2021-06-24T09:09:33 IST" finished-at="2021-06-24T09:09:33 IST">
          <reporter-output>
          </reporter-output>
        </test-method> <!-- tearDown -->
      </class> <!-- com.RestAssuredTestNG.StudentAPI.Testcases.TC002_GetSpecifcUsers -->
      <class name="com.RestAssuredTestNG.StudentAPI.Testcases.TC005_DeleteUser">
        <test-method status="PASS" signature="setUp()[pri:0, instance:com.RestAssuredTestNG.StudentAPI.Testcases.TC005_DeleteUser@3d299e3]" name="setUp" is-config="true" duration-ms="19" started-at="2021-06-24T09:09:41 IST" finished-at="2021-06-24T09:09:41 IST">
          <reporter-output>
          </reporter-output>
        </test-method> <!-- setUp -->
        <test-method status="PASS" signature="DeleteUser_validateResponseCode()[pri:2, instance:com.RestAssuredTestNG.StudentAPI.Testcases.TC005_DeleteUser@3d299e3]" name="DeleteUser_validateResponseCode" duration-ms="1" started-at="2021-06-24T09:09:41 IST" finished-at="2021-06-24T09:09:41 IST">
          <reporter-output>
          </reporter-output>
        </test-method> <!-- DeleteUser_validateResponseCode -->
        <test-method status="PASS" signature="DeleteUser_validateResponseTime()[pri:3, instance:com.RestAssuredTestNG.StudentAPI.Testcases.TC005_DeleteUser@3d299e3]" name="DeleteUser_validateResponseTime" duration-ms="2" started-at="2021-06-24T09:09:41 IST" finished-at="2021-06-24T09:09:41 IST">
          <reporter-output>
          </reporter-output>
        </test-method> <!-- DeleteUser_validateResponseTime -->
        <test-method status="PASS" signature="DeleteUser_validateContentType()[pri:5, instance:com.RestAssuredTestNG.StudentAPI.Testcases.TC005_DeleteUser@3d299e3]" name="DeleteUser_validateContentType" duration-ms="1" started-at="2021-06-24T09:09:41 IST" finished-at="2021-06-24T09:09:41 IST">
          <reporter-output>
          </reporter-output>
        </test-method> <!-- DeleteUser_validateContentType -->
        <test-method status="PASS" signature="DeleteUser_validateStatusLine()[pri:4, instance:com.RestAssuredTestNG.StudentAPI.Testcases.TC005_DeleteUser@3d299e3]" name="DeleteUser_validateStatusLine" duration-ms="0" started-at="2021-06-24T09:09:41 IST" finished-at="2021-06-24T09:09:41 IST">
          <reporter-output>
          </reporter-output>
        </test-method> <!-- DeleteUser_validateStatusLine -->
        <test-method status="PASS" signature="tearDown()[pri:0, instance:com.RestAssuredTestNG.StudentAPI.Testcases.TC005_DeleteUser@3d299e3]" name="tearDown" is-config="true" duration-ms="1" started-at="2021-06-24T09:09:41 IST" finished-at="2021-06-24T09:09:41 IST">
          <reporter-output>
          </reporter-output>
        </test-method> <!-- tearDown -->
      </class> <!-- com.RestAssuredTestNG.StudentAPI.Testcases.TC005_DeleteUser -->
      <class name="com.RestAssuredTestNG.StudentAPI.Testcases.TC001_GetAllUsers">
        <test-method status="PASS" signature="setUp()[pri:0, instance:com.RestAssuredTestNG.StudentAPI.Testcases.TC001_GetAllUsers@358c99f5]" name="setUp" is-config="true" duration-ms="1119" started-at="2021-06-24T09:09:31 IST" finished-at="2021-06-24T09:09:33 IST">
          <reporter-output>
          </reporter-output>
        </test-method> <!-- setUp -->
        <test-method status="PASS" signature="GetAllUsers_validateResponseCode()[pri:1, instance:com.RestAssuredTestNG.StudentAPI.Testcases.TC001_GetAllUsers@358c99f5]" name="GetAllUsers_validateResponseCode" duration-ms="9" started-at="2021-06-24T09:09:33 IST" finished-at="2021-06-24T09:09:33 IST">
          <reporter-output>
          </reporter-output>
        </test-method> <!-- GetAllUsers_validateResponseCode -->
        <test-method status="PASS" signature="GetAllUsers_validateResponseTime()[pri:2, instance:com.RestAssuredTestNG.StudentAPI.Testcases.TC001_GetAllUsers@358c99f5]" name="GetAllUsers_validateResponseTime" duration-ms="0" started-at="2021-06-24T09:09:33 IST" finished-at="2021-06-24T09:09:33 IST">
          <reporter-output>
          </reporter-output>
        </test-method> <!-- GetAllUsers_validateResponseTime -->
        <test-method status="PASS" signature="GetAllUsers_validateStatusLine()[pri:3, instance:com.RestAssuredTestNG.StudentAPI.Testcases.TC001_GetAllUsers@358c99f5]" name="GetAllUsers_validateStatusLine" duration-ms="2" started-at="2021-06-24T09:09:33 IST" finished-at="2021-06-24T09:09:33 IST">
          <reporter-output>
          </reporter-output>
        </test-method> <!-- GetAllUsers_validateStatusLine -->
        <test-method status="PASS" signature="GetAllUsers_validateContentType()[pri:4, instance:com.RestAssuredTestNG.StudentAPI.Testcases.TC001_GetAllUsers@358c99f5]" name="GetAllUsers_validateContentType" duration-ms="0" started-at="2021-06-24T09:09:33 IST" finished-at="2021-06-24T09:09:33 IST">
          <reporter-output>
          </reporter-output>
        </test-method> <!-- GetAllUsers_validateContentType -->
        <test-method status="PASS" signature="GetAllUsers_validateContentLength()[pri:5, instance:com.RestAssuredTestNG.StudentAPI.Testcases.TC001_GetAllUsers@358c99f5]" name="GetAllUsers_validateContentLength" duration-ms="0" started-at="2021-06-24T09:09:33 IST" finished-at="2021-06-24T09:09:33 IST">
          <reporter-output>
          </reporter-output>
        </test-method> <!-- GetAllUsers_validateContentLength -->
        <test-method status="PASS" signature="tearDown()[pri:0, instance:com.RestAssuredTestNG.StudentAPI.Testcases.TC001_GetAllUsers@358c99f5]" name="tearDown" is-config="true" duration-ms="0" started-at="2021-06-24T09:09:33 IST" finished-at="2021-06-24T09:09:33 IST">
          <reporter-output>
          </reporter-output>
        </test-method> <!-- tearDown -->
      </class> <!-- com.RestAssuredTestNG.StudentAPI.Testcases.TC001_GetAllUsers -->
      <class name="com.RestAssuredTestNG.StudentAPI.Testcases.TC004_PutSpecificUser">
        <test-method status="PASS" signature="setUp()[pri:0, instance:com.RestAssuredTestNG.StudentAPI.Testcases.TC004_PutSpecificUser@258e2e41]" name="setUp" is-config="true" duration-ms="1" started-at="2021-06-24T09:09:38 IST" finished-at="2021-06-24T09:09:38 IST">
          <reporter-output>
          </reporter-output>
        </test-method> <!-- setUp -->
        <test-method status="PASS" signature="PutUserDetails(java.lang.String,java.lang.String,java.lang.String)[pri:1, instance:com.RestAssuredTestNG.StudentAPI.Testcases.TC004_PutSpecificUser@258e2e41]" name="PutUserDetails" duration-ms="3024" started-at="2021-06-24T09:09:38 IST" data-provider="PutUserData" finished-at="2021-06-24T09:09:41 IST">
          <params>
            <param index="0">
              <value>
                <![CDATA[Manish]]>
              </value>
            </param>
            <param index="1">
              <value>
                <![CDATA[Sharma]]>
              </value>
            </param>
            <param index="2">
              <value>
                <![CDATA[4]]>
              </value>
            </param>
          </params>
          <reporter-output>
          </reporter-output>
        </test-method> <!-- PutUserDetails -->
        <test-method status="PASS" signature="PutUser_validateResponseCode()[pri:2, instance:com.RestAssuredTestNG.StudentAPI.Testcases.TC004_PutSpecificUser@258e2e41]" name="PutUser_validateResponseCode" duration-ms="1" started-at="2021-06-24T09:09:41 IST" finished-at="2021-06-24T09:09:41 IST">
          <reporter-output>
          </reporter-output>
        </test-method> <!-- PutUser_validateResponseCode -->
        <test-method status="PASS" signature="PutUser_validateResponseTime()[pri:3, instance:com.RestAssuredTestNG.StudentAPI.Testcases.TC004_PutSpecificUser@258e2e41]" name="PutUser_validateResponseTime" duration-ms="1" started-at="2021-06-24T09:09:41 IST" finished-at="2021-06-24T09:09:41 IST">
          <reporter-output>
          </reporter-output>
        </test-method> <!-- PutUser_validateResponseTime -->
        <test-method status="PASS" signature="PutUser_validateStatusLine()[pri:4, instance:com.RestAssuredTestNG.StudentAPI.Testcases.TC004_PutSpecificUser@258e2e41]" name="PutUser_validateStatusLine" duration-ms="1" started-at="2021-06-24T09:09:41 IST" finished-at="2021-06-24T09:09:41 IST">
          <reporter-output>
          </reporter-output>
        </test-method> <!-- PutUser_validateStatusLine -->
        <test-method status="PASS" signature="PutUser_validateContentType()[pri:5, instance:com.RestAssuredTestNG.StudentAPI.Testcases.TC004_PutSpecificUser@258e2e41]" name="PutUser_validateContentType" duration-ms="1" started-at="2021-06-24T09:09:41 IST" finished-at="2021-06-24T09:09:41 IST">
          <reporter-output>
          </reporter-output>
        </test-method> <!-- PutUser_validateContentType -->
        <test-method status="PASS" signature="PutUser_validateContentLength()[pri:6, instance:com.RestAssuredTestNG.StudentAPI.Testcases.TC004_PutSpecificUser@258e2e41]" name="PutUser_validateContentLength" duration-ms="1" started-at="2021-06-24T09:09:41 IST" finished-at="2021-06-24T09:09:41 IST">
          <reporter-output>
          </reporter-output>
        </test-method> <!-- PutUser_validateContentLength -->
        <test-method status="PASS" signature="tearDown()[pri:0, instance:com.RestAssuredTestNG.StudentAPI.Testcases.TC004_PutSpecificUser@258e2e41]" name="tearDown" is-config="true" duration-ms="1" started-at="2021-06-24T09:09:41 IST" finished-at="2021-06-24T09:09:41 IST">
          <reporter-output>
          </reporter-output>
        </test-method> <!-- tearDown -->
      </class> <!-- com.RestAssuredTestNG.StudentAPI.Testcases.TC004_PutSpecificUser -->
      <class name="com.RestAssuredTestNG.StudentAPI.Testcases.TC003_CreateUser">
        <test-method status="PASS" signature="setUp()[pri:0, instance:com.RestAssuredTestNG.StudentAPI.Testcases.TC003_CreateUser@5906ebcb]" name="setUp" is-config="true" duration-ms="1" started-at="2021-06-24T09:09:33 IST" finished-at="2021-06-24T09:09:33 IST">
          <reporter-output>
          </reporter-output>
        </test-method> <!-- setUp -->
        <test-method status="PASS" signature="CreateNewUserRequest(java.lang.String,java.lang.String,java.lang.String)[pri:1, instance:com.RestAssuredTestNG.StudentAPI.Testcases.TC003_CreateUser@5906ebcb]" name="CreateNewUserRequest" duration-ms="2385" started-at="2021-06-24T09:09:33 IST" data-provider="CreateUserData" finished-at="2021-06-24T09:09:36 IST">
          <params>
            <param index="0">
              <value>
                <![CDATA[Manoj]]>
              </value>
            </param>
            <param index="1">
              <value>
                <![CDATA[Verma]]>
              </value>
            </param>
            <param index="2">
              <value>
                <![CDATA[4]]>
              </value>
            </param>
          </params>
          <reporter-output>
          </reporter-output>
        </test-method> <!-- CreateNewUserRequest -->
        <test-method status="PASS" signature="CreateNewUserRequest(java.lang.String,java.lang.String,java.lang.String)[pri:1, instance:com.RestAssuredTestNG.StudentAPI.Testcases.TC003_CreateUser@5906ebcb]" name="CreateNewUserRequest" duration-ms="2027" started-at="2021-06-24T09:09:36 IST" data-provider="CreateUserData" finished-at="2021-06-24T09:09:38 IST">
          <params>
            <param index="0">
              <value>
                <![CDATA[Vineet]]>
              </value>
            </param>
            <param index="1">
              <value>
                <![CDATA[Srivastava]]>
              </value>
            </param>
            <param index="2">
              <value>
                <![CDATA[5]]>
              </value>
            </param>
          </params>
          <reporter-output>
          </reporter-output>
        </test-method> <!-- CreateNewUserRequest -->
        <test-method status="PASS" signature="CreateUser_validateStatusCode()[pri:2, instance:com.RestAssuredTestNG.StudentAPI.Testcases.TC003_CreateUser@5906ebcb]" name="CreateUser_validateStatusCode" duration-ms="3" started-at="2021-06-24T09:09:38 IST" finished-at="2021-06-24T09:09:38 IST">
          <reporter-output>
          </reporter-output>
        </test-method> <!-- CreateUser_validateStatusCode -->
        <test-method status="PASS" signature="CreateUser_validateStatusLine()[pri:3, instance:com.RestAssuredTestNG.StudentAPI.Testcases.TC003_CreateUser@5906ebcb]" name="CreateUser_validateStatusLine" duration-ms="1" started-at="2021-06-24T09:09:38 IST" finished-at="2021-06-24T09:09:38 IST">
          <reporter-output>
          </reporter-output>
        </test-method> <!-- CreateUser_validateStatusLine -->
        <test-method status="PASS" signature="CreateUser_validateContentType()[pri:4, instance:com.RestAssuredTestNG.StudentAPI.Testcases.TC003_CreateUser@5906ebcb]" name="CreateUser_validateContentType" duration-ms="1" started-at="2021-06-24T09:09:38 IST" finished-at="2021-06-24T09:09:38 IST">
          <reporter-output>
          </reporter-output>
        </test-method> <!-- CreateUser_validateContentType -->
        <test-method status="PASS" signature="CreateUser_validateContentLength()[pri:5, instance:com.RestAssuredTestNG.StudentAPI.Testcases.TC003_CreateUser@5906ebcb]" name="CreateUser_validateContentLength" duration-ms="0" started-at="2021-06-24T09:09:38 IST" finished-at="2021-06-24T09:09:38 IST">
          <reporter-output>
          </reporter-output>
        </test-method> <!-- CreateUser_validateContentLength -->
        <test-method status="PASS" signature="tearDown()[pri:0, instance:com.RestAssuredTestNG.StudentAPI.Testcases.TC003_CreateUser@5906ebcb]" name="tearDown" is-config="true" duration-ms="1" started-at="2021-06-24T09:09:38 IST" finished-at="2021-06-24T09:09:38 IST">
          <reporter-output>
          </reporter-output>
        </test-method> <!-- tearDown -->
      </class> <!-- com.RestAssuredTestNG.StudentAPI.Testcases.TC003_CreateUser -->
    </test> <!-- EmployeesRestAPITest -->
  </suite> <!-- EmployeesRestAPISuite -->
</testng-results>
